==7198== Memcheck, a memory error detector
==7198== Copyright (C) 2002-2013, and GNU GPL'd, by Julian Seward et al.
==7198== Using Valgrind-3.10.0.SVN and LibVEX; rerun with -h for copyright info
==7198== Command: ./pa07 images/bmps/01-smile.bmp pi.ece264
==7198== Parent PID: 2339
==7198== 
--7198-- 
--7198-- Valgrind options:
--7198--    --tool=memcheck
--7198--    --leak-check=full
--7198--    --verbose
--7198--    --log-file=memcheck.log
--7198-- Contents of /proc/version:
--7198--   Linux version 3.13.0-32-generic (buildd@kissel) (gcc version 4.8.2 (Ubuntu 4.8.2-19ubuntu1) ) #57-Ubuntu SMP Tue Jul 15 03:51:08 UTC 2014
--7198-- Arch and hwcaps: AMD64, amd64-cx16-lzcnt-rdtscp-sse3-avx-avx2-bmi
--7198-- Page sizes: currently 4096, max supported 4096
--7198-- Valgrind library directory: /usr/lib/valgrind
--7198-- Reading syms from /home/bishop/ECE264/Homeworks/Solutions/ECE264/PA07/pa07
--7198-- Reading syms from /lib/x86_64-linux-gnu/ld-2.19.so
--7198--   Considering /lib/x86_64-linux-gnu/ld-2.19.so ..
--7198--   .. CRC mismatch (computed 4cbae35e wanted 8d683c31)
--7198--   Considering /usr/lib/debug/lib/x86_64-linux-gnu/ld-2.19.so ..
--7198--   .. CRC is valid
--7198-- Reading syms from /usr/lib/valgrind/memcheck-amd64-linux
--7198--   Considering /usr/lib/valgrind/memcheck-amd64-linux ..
--7198--   .. CRC mismatch (computed 37cdde19 wanted adc367dd)
--7198--    object doesn't have a symbol table
--7198--    object doesn't have a dynamic symbol table
--7198-- Scheduler: using generic scheduler lock implementation.
--7198-- Reading suppressions file: /usr/lib/valgrind/default.supp
==7198== embedded gdbserver: reading from /tmp/vgdb-pipe-from-vgdb-to-7198-by-bishop-on-???
==7198== embedded gdbserver: writing to   /tmp/vgdb-pipe-to-vgdb-from-7198-by-bishop-on-???
==7198== embedded gdbserver: shared mem   /tmp/vgdb-pipe-shared-mem-vgdb-7198-by-bishop-on-???
==7198== 
==7198== TO CONTROL THIS PROCESS USING vgdb (which you probably
==7198== don't want to do, unless you know exactly what you're doing,
==7198== or are doing some strange experiment):
==7198==   /usr/lib/valgrind/../../bin/vgdb --pid=7198 ...command...
==7198== 
==7198== TO DEBUG THIS PROCESS USING GDB: start GDB like this
==7198==   /path/to/gdb ./pa07
==7198== and then give GDB the following command
==7198==   target remote | /usr/lib/valgrind/../../bin/vgdb --pid=7198
==7198== --pid is optional if only one valgrind process is running
==7198== 
--7198-- REDIR: 0x4019ca0 (strlen) redirected to 0x38068331 (???)
--7198-- Reading syms from /usr/lib/valgrind/vgpreload_core-amd64-linux.so
--7198--   Considering /usr/lib/valgrind/vgpreload_core-amd64-linux.so ..
--7198--   .. CRC mismatch (computed 329d6860 wanted c0186920)
--7198--    object doesn't have a symbol table
--7198-- Reading syms from /usr/lib/valgrind/vgpreload_memcheck-amd64-linux.so
--7198--   Considering /usr/lib/valgrind/vgpreload_memcheck-amd64-linux.so ..
--7198--   .. CRC mismatch (computed 1fb85af8 wanted 2e9e3c16)
--7198--    object doesn't have a symbol table
==7198== WARNING: new redirection conflicts with existing -- ignoring it
--7198--     old: 0x04019ca0 (strlen              ) R-> (0000.0) 0x38068331 ???
--7198--     new: 0x04019ca0 (strlen              ) R-> (2007.0) 0x04c2e1a0 strlen
--7198-- REDIR: 0x4019a50 (index) redirected to 0x4c2dd50 (index)
--7198-- REDIR: 0x4019c70 (strcmp) redirected to 0x4c2f2f0 (strcmp)
--7198-- REDIR: 0x401a9c0 (mempcpy) redirected to 0x4c31da0 (mempcpy)
--7198-- Reading syms from /lib/x86_64-linux-gnu/libc-2.19.so
--7198--   Considering /lib/x86_64-linux-gnu/libc-2.19.so ..
--7198--   .. CRC mismatch (computed 2b8f2acf wanted 60636809)
--7198--   Considering /usr/lib/debug/lib/x86_64-linux-gnu/libc-2.19.so ..
--7198--   .. CRC is valid
--7198-- REDIR: 0x4ec4ba0 (strcasecmp) redirected to 0x4a25720 (_vgnU_ifunc_wrapper)
--7198-- REDIR: 0x4ec6e90 (strncasecmp) redirected to 0x4a25720 (_vgnU_ifunc_wrapper)
--7198-- REDIR: 0x4ec4370 (memcpy@GLIBC_2.2.5) redirected to 0x4a25720 (_vgnU_ifunc_wrapper)
--7198-- REDIR: 0x4ec2600 (rindex) redirected to 0x4c2da30 (rindex)
--7198-- REDIR: 0x4eba590 (malloc) redirected to 0x4c2ab10 (malloc)
--7198-- REDIR: 0x4ec3250 (__GI_strstr) redirected to 0x4c32030 (__strstr_sse2)
--7198-- REDIR: 0x4ec95c0 (__GI_memcpy) redirected to 0x4c2fc90 (__GI_memcpy)
--7198-- REDIR: 0x4ec0900 (strlen) redirected to 0x4c2e0e0 (strlen)
--7198-- REDIR: 0x4ecb900 (strchrnul) redirected to 0x4c319b0 (strchrnul)
--7198-- REDIR: 0x4ebac30 (free) redirected to 0x4c2bd80 (free)
==7198== 
==7198== HEAP SUMMARY:
==7198==     in use at exit: 0 bytes in 0 blocks
==7198==   total heap usage: 7 allocs, 7 frees, 269,121 bytes allocated
==7198== 
==7198== All heap blocks were freed -- no leaks are possible
==7198== 
==7198== ERROR SUMMARY: 0 errors from 0 contexts (suppressed: 0 from 0)
==7198== ERROR SUMMARY: 0 errors from 0 contexts (suppressed: 0 from 0)
